<?xml version="1.0" encoding="UTF-8"?>
<testsuite name="sample.tomcat.NonAutoConfigurationSampleTomcatApplicationTests" tests="1" skipped="0" failures="0" errors="0" timestamp="2015-03-03T17:08:07" hostname="hendrix" time="0.012">
  <properties/>
  <testcase name="testHome" classname="sample.tomcat.NonAutoConfigurationSampleTomcatApplicationTests" time="0.012"/>
  <system-out><![CDATA[2015-03-03 18:08:06.975  INFO 18056 --- [    Test worker] o.s.t.c.web.WebTestContextBootstrapper   : Could not instantiate TestExecutionListener [org.springframework.test.context.transaction.TransactionalTestExecutionListener]. Specify custom listener classes or make the default listener classes (and their required dependencies) available. Offending class: [org/springframework/transaction/TransactionDefinition]
2015-03-03 18:08:06.976  INFO 18056 --- [    Test worker] o.s.t.c.web.WebTestContextBootstrapper   : Could not instantiate TestExecutionListener [org.springframework.test.context.jdbc.SqlScriptsTestExecutionListener]. Specify custom listener classes or make the default listener classes (and their required dependencies) available. Offending class: [org/springframework/transaction/interceptor/TransactionAttribute]
2015-03-03 18:08:06.976  INFO 18056 --- [    Test worker] o.s.t.c.web.WebTestContextBootstrapper   : Using TestExecutionListeners: [org.springframework.boot.test.IntegrationTestPropertiesListener@b9d41bf, org.springframework.test.context.support.DependencyInjectionTestExecutionListener@610e2319, org.springframework.test.context.support.DirtiesContextTestExecutionListener@26b7ee46]

  .   ____          _            __ _ _
 /\\ / ___'_ __ _ _(_)_ __  __ _ \ \ \ \
( ( )\___ | '_ | '_| | '_ \/ _` | \ \ \ \
 \\/  ___)| |_)| | | | | || (_| |  ) ) ) )
  '  |____| .__|_| |_|_| |_\__, | / / / /
 =========|_|==============|___/=/_/_/_/
 :: Spring Boot ::        (v1.2.2.RELEASE)

2015-03-03 18:08:06.999  INFO 18056 --- [    Test worker] o.s.boot.SpringApplication               : Starting application on hendrix with PID 18056 (/home/christian/.gradle/caches/modules-2/files-2.1/org.springframework.boot/spring-boot/1.2.2.RELEASE/c2495d6c08c742743366f50e25ad76f5dfcd9f75/spring-boot-1.2.2.RELEASE.jar started by christian in /home/christian/git/cloudconf/authserver)
2015-03-03 18:08:07.000  INFO 18056 --- [    Test worker] ationConfigEmbeddedWebApplicationContext : Refreshing org.springframework.boot.context.embedded.AnnotationConfigEmbeddedWebApplicationContext@7cf190c5: startup date [Tue Mar 03 18:08:07 CET 2015]; root of context hierarchy
2015-03-03 18:08:07.064  INFO 18056 --- [    Test worker] s.b.c.e.t.TomcatEmbeddedServletContainer : Tomcat initialized with port(s): 0 (http)
2015-03-03 18:08:07.065  INFO 18056 --- [    Test worker] o.apache.catalina.core.StandardService   : Starting service Tomcat
2015-03-03 18:08:07.066  INFO 18056 --- [    Test worker] org.apache.catalina.core.StandardEngine  : Starting Servlet Engine: Apache Tomcat/8.0.20
2015-03-03 18:08:07.070  INFO 18056 --- [ost-startStop-1] o.a.c.c.C.[Tomcat].[localhost].[/]       : Initializing Spring embedded WebApplicationContext
2015-03-03 18:08:07.071  INFO 18056 --- [ost-startStop-1] o.s.web.context.ContextLoader            : Root WebApplicationContext: initialization completed in 71 ms
2015-03-03 18:08:07.124  INFO 18056 --- [ost-startStop-1] o.s.b.c.e.ServletRegistrationBean        : Mapping servlet: 'dispatcherServlet' to [/]
2015-03-03 18:08:07.125  INFO 18056 --- [ost-startStop-1] o.s.b.c.embedded.FilterRegistrationBean  : Mapping filter: 'hiddenHttpMethodFilter' to: [/*]
2015-03-03 18:08:07.144  INFO 18056 --- [    Test worker] s.w.s.m.m.a.RequestMappingHandlerAdapter : Looking for @ControllerAdvice: org.springframework.boot.context.embedded.AnnotationConfigEmbeddedWebApplicationContext@7cf190c5: startup date [Tue Mar 03 18:08:07 CET 2015]; root of context hierarchy
2015-03-03 18:08:07.149  INFO 18056 --- [    Test worker] s.w.s.m.m.a.RequestMappingHandlerMapping : Mapped "{[/],methods=[],params=[],headers=[],consumes=[],produces=[],custom=[]}" onto public java.lang.String sample.tomcat.web.SampleController.helloWorld()
2015-03-03 18:08:07.158  INFO 18056 --- [    Test worker] o.s.w.s.handler.SimpleUrlHandlerMapping  : Mapped URL path [/webjars/**] onto handler of type [class org.springframework.web.servlet.resource.ResourceHttpRequestHandler]
2015-03-03 18:08:07.158  INFO 18056 --- [    Test worker] o.s.w.s.handler.SimpleUrlHandlerMapping  : Mapped URL path [/**] onto handler of type [class org.springframework.web.servlet.resource.ResourceHttpRequestHandler]
2015-03-03 18:08:07.163  INFO 18056 --- [    Test worker] o.s.w.s.handler.SimpleUrlHandlerMapping  : Mapped URL path [/**/favicon.ico] onto handler of type [class org.springframework.web.servlet.resource.ResourceHttpRequestHandler]
2015-03-03 18:08:07.170  INFO 18056 --- [    Test worker] s.b.c.e.t.TomcatEmbeddedServletContainer : Tomcat started on port(s): 34439 (http)
2015-03-03 18:08:07.171  INFO 18056 --- [    Test worker] o.s.boot.SpringApplication               : Started application in 0.189 seconds (JVM running for 4.959)
2015-03-03 18:08:07.179  INFO 18056 --- [o-auto-2-exec-1] o.a.c.c.C.[Tomcat].[localhost].[/]       : Initializing Spring FrameworkServlet 'dispatcherServlet'
2015-03-03 18:08:07.179  INFO 18056 --- [o-auto-2-exec-1] o.s.web.servlet.DispatcherServlet        : FrameworkServlet 'dispatcherServlet': initialization started
2015-03-03 18:08:07.182  INFO 18056 --- [o-auto-2-exec-1] o.s.web.servlet.DispatcherServlet        : FrameworkServlet 'dispatcherServlet': initialization completed in 3 ms
2015-03-03 18:08:07.185  INFO 18056 --- [    Test worker] ationConfigEmbeddedWebApplicationContext : Closing org.springframework.boot.context.embedded.AnnotationConfigEmbeddedWebApplicationContext@7cf190c5: startup date [Tue Mar 03 18:08:07 CET 2015]; root of context hierarchy
]]></system-out>
  <system-err><![CDATA[]]></system-err>
</testsuite>
